
Deleted - Post ID 61 - attachment - skin-cleanser-template-product-img-6
Deleted - Post ID 62 - attachment - skin-cleanser-template-product-img-7
Deleted - Post ID 63 - attachment - skin-cleanser-template-product-img-8
Deleted - Post ID 64 - attachment - skin-cleanser-template-product-img-9
Deleted - Post ID 65 - attachment - skin-cleanser-template-product-img-10
Deleted - Post ID 66 - attachment - skin-cleanser-template-product-img-11
Deleted - Post ID 67 - attachment - skin-cleanser-template-product-img-12
Deleted - Post ID 68 - attachment - skin-cleanser-template-product-img-13
Deleted - Post ID 69 - attachment - skin-cleanser-template-product-img-14
Deleted - Post ID 406 - attachment - skin-cleanser-template-testimonials-avatar-img-2
Deleted - Post ID 407 - attachment - skin-cleanser-template-testimonial-avatar-img
Deleted - Post ID 408 - attachment - skin-cleanser-template-testimonials-avatar-img-1
Deleted - Post ID 428 - attachment - skin-cleanser-template-about-page-header-img-bg
Deleted - Post ID 441 - attachment - skin-cleanser-template-about-header-img-bg
Deleted - Post ID 463 - attachment - skin-cleanser-template-about-founder-img-bg
Deleted - Post ID 473 - attachment - skin-cleanser-template-quote-icon
Deleted - Post ID 709 - attachment - skin-cleanser-template-vegan-banner-img
Deleted - Post ID 841 - attachment - skin-cleanser-template-about-header-img-bg
Deleted - Post ID 861 - attachment - favicon
Deleted - Post ID 975 - attachment - cropped-favicon.jpg
Deleted - Post ID 1172 - elementor_library - Default Kit
Deleted - Post ID 1173 - page - Shop
Deleted - Post ID 1174 - page - Cart
Deleted - Post ID 1175 - page - Checkout
Deleted - Post ID 1176 - page - My account
Deleted - Post ID 1177 - page - Home
Deleted - Post ID 27 - nav_menu_item - 
Deleted - Post ID 28 - nav_menu_item - 
Deleted - Post ID 289 - elementor-hf - Before footer
Deleted - Post ID 339 - product - Almond Milk Lotion
Deleted - Post ID 340 - product - Refreshing Cleansing Balm
Deleted - Post ID 341 - product - Cream to Foam Lotion
Deleted - Post ID 342 - product - Milky Gentle Cleanser
Deleted - Post ID 361 - product - Complex Sunscreen Balm
Deleted - Post ID 381 - page - About
Deleted - Post ID 559 - page - Contact
Deleted - Post ID 634 - nav_menu_item - 
Deleted - Post ID 635 - nav_menu_item - 
Deleted - Post ID 979 - attachment - skin-cleanser-social-image
Deleted - Post ID 362 - product - Antiaging Skin Oil
Deleted - Post ID 363 - product - Cleanser Concentrate
Deleted - Post ID 364 - product - Hydrating Gel Oil
Deleted - Post ID 365 - product - Balancing Daily Cleanser
Deleted - Post ID 366 - product - Makeup Melting Cleanser
Deleted - Post ID 367 - product - Calm Hydrating Moisturizer
Deleted - Post ID 368 - product - Energizing Marine Lotion
Deleted - Post ID 369 - product - Soothing Sunscreen Gel
Deleted - Post ID 370 - product - Hybrid Cleansing Balm
Deleted - Post ID 1108 - wp_global_styles - Custom Styles
Inserted WP Form 1188